e:\бгту\пятый семестр\пибсп\программирование сетевых приложений\concurrentserver\win32project1\win32project1\debug\win32project1.pch
e:\бгту\пятый семестр\пибсп\программирование сетевых приложений\concurrentserver\win32project1\win32project1\debug\vc141.pdb
e:\бгту\пятый семестр\пибсп\программирование сетевых приложений\concurrentserver\win32project1\win32project1\debug\vc141.idb
e:\бгту\пятый семестр\пибсп\программирование сетевых приложений\concurrentserver\win32project1\win32project1\debug\stdafx.obj
e:\бгту\пятый семестр\пибсп\программирование сетевых приложений\concurrentserver\win32project1\win32project1\debug\dllmain.obj
e:\бгту\пятый семестр\пибсп\программирование сетевых приложений\concurrentserver\win32project1\win32project1\debug\errorfunctions.obj
e:\бгту\пятый семестр\пибсп\программирование сетевых приложений\concurrentserver\win32project1\win32project1\debug\win32project1.obj
e:\бгту\пятый семестр\пибсп\программирование сетевых приложений\concurrentserver\win32project1\debug\win32project1.ilk
e:\бгту\пятый семестр\пибсп\программирование сетевых приложений\concurrentserver\win32project1\debug\win32project1.dll
e:\бгту\пятый семестр\пибсп\программирование сетевых приложений\concurrentserver\win32project1\debug\win32project1.pdb
e:\бгту\пятый семестр\пибсп\программирование сетевых приложений\concurrentserver\win32project1\debug\win32project1.lib
e:\бгту\пятый семестр\пибсп\программирование сетевых приложений\concurrentserver\win32project1\debug\win32project1.exp
e:\бгту\пятый семестр\пибсп\программирование сетевых приложений\concurrentserver\win32project1\win32project1\debug\dllmain.obj.enc
e:\бгту\пятый семестр\пибсп\программирование сетевых приложений\concurrentserver\win32project1\win32project1\debug\vc140.idb
e:\бгту\пятый семестр\пибсп\программирование сетевых приложений\concurrentserver\win32project1\win32project1\debug\vc140.pdb
e:\бгту\пятый семестр\пибсп\программирование сетевых приложений\concurrentserver\win32project1\win32project1\debug\win32project1.tlog\cl.command.1.tlog
e:\бгту\пятый семестр\пибсп\программирование сетевых приложений\concurrentserver\win32project1\win32project1\debug\win32project1.tlog\cl.read.1.tlog
e:\бгту\пятый семестр\пибсп\программирование сетевых приложений\concurrentserver\win32project1\win32project1\debug\win32project1.tlog\cl.write.1.tlog
e:\бгту\пятый семестр\пибсп\программирование сетевых приложений\concurrentserver\win32project1\win32project1\debug\win32project1.tlog\link.command.1.tlog
e:\бгту\пятый семестр\пибсп\программирование сетевых приложений\concurrentserver\win32project1\win32project1\debug\win32project1.tlog\link.delete.1.tlog
e:\бгту\пятый семестр\пибсп\программирование сетевых приложений\concurrentserver\win32project1\win32project1\debug\win32project1.tlog\link.read.1.tlog
e:\бгту\пятый семестр\пибсп\программирование сетевых приложений\concurrentserver\win32project1\win32project1\debug\win32project1.tlog\link.write.1.tlog
e:\бгту\пятый семестр\пибсп\программирование сетевых приложений\concurrentserver\win32project1\win32project1\debug\win32project1.tlog\win32project1.write.1u.tlog
